

Started GET "/" for ::1 at 2016-03-01 16:11:37 -0500
Processing by Rails::WelcomeController#index as HTML
  Rendered /Users/Macbook/.rbenv/versions/2.3.0/lib/ruby/gems/2.3.0/gems/railties-4.2.5.1/lib/rails/templates/rails/welcome/index.html.erb (4.0ms)
Completed 200 OK in 32ms (Views: 23.5ms | ActiveRecord: 0.0ms)
  [1m[36m (3.8ms)[0m  [1mCREATE TABLE "schema_migrations" ("version" character varying NOT NULL) [0m
  [1m[35m (2.0ms)[0m  CREATE UNIQUE INDEX  "unique_schema_migrations" ON "schema_migrations"  ("version")
  [1m[36mActiveRecord::SchemaMigration Load (0.2ms)[0m  [1mSELECT "schema_migrations".* FROM "schema_migrations"[0m
Migrating to CreateFacts (20160301211408)
  [1m[35m (0.2ms)[0m  BEGIN
  [1m[36m (4.5ms)[0m  [1mCREATE TABLE "facts" ("id" serial primary key, "body" character varying, "user_id" integer, "created_at" timestamp NOT NULL, "updated_at" timestamp NOT NULL) [0m
  [1m[35mSQL (0.4ms)[0m  INSERT INTO "schema_migrations" ("version") VALUES ($1)  [["version", "20160301211408"]]
  [1m[36m (0.4ms)[0m  [1mCOMMIT[0m
Migrating to CreateEvidences (20160301211518)
  [1m[35m (0.7ms)[0m  BEGIN
  [1m[36m (3.8ms)[0m  [1mCREATE TABLE "evidences" ("id" serial primary key, "url" character varying, "support" boolean, "user_id" integer, "fact_id" integer, "created_at" timestamp NOT NULL, "updated_at" timestamp NOT NULL) [0m
  [1m[35mSQL (0.1ms)[0m  INSERT INTO "schema_migrations" ("version") VALUES ($1)  [["version", "20160301211518"]]
  [1m[36m (0.3ms)[0m  [1mCOMMIT[0m
Migrating to CreateVotes (20160301211607)
  [1m[35m (0.7ms)[0m  BEGIN
  [1m[36m (2.4ms)[0m  [1mCREATE TABLE "votes" ("id" serial primary key, "upvote" boolean, "evidence_id" integer, "user_id" integer, "created_at" timestamp NOT NULL, "updated_at" timestamp NOT NULL) [0m
  [1m[35mSQL (0.1ms)[0m  INSERT INTO "schema_migrations" ("version") VALUES ($1)  [["version", "20160301211607"]]
  [1m[36m (0.3ms)[0m  [1mCOMMIT[0m
Migrating to CreateComments (20160301211732)
  [1m[35m (0.7ms)[0m  BEGIN
  [1m[36m (4.1ms)[0m  [1mCREATE TABLE "comments" ("id" serial primary key, "user_id" integer, "fact_id" integer, "body" text, "created_at" timestamp NOT NULL, "updated_at" timestamp NOT NULL) [0m
  [1m[35mSQL (0.1ms)[0m  INSERT INTO "schema_migrations" ("version") VALUES ($1)  [["version", "20160301211732"]]
  [1m[36m (0.3ms)[0m  [1mCOMMIT[0m
  [1m[35mActiveRecord::SchemaMigration Load (0.1ms)[0m  SELECT "schema_migrations".* FROM "schema_migrations"
  [1m[36m (2.9ms)[0m  [1mSELECT t2.oid::regclass::text AS to_table, a1.attname AS column, a2.attname AS primary_key, c.conname AS name, c.confupdtype AS on_update, c.confdeltype AS on_delete
FROM pg_constraint c
JOIN pg_class t1 ON c.conrelid = t1.oid
JOIN pg_class t2 ON c.confrelid = t2.oid
JOIN pg_attribute a1 ON a1.attnum = c.conkey[1] AND a1.attrelid = t1.oid
JOIN pg_attribute a2 ON a2.attnum = c.confkey[1] AND a2.attrelid = t2.oid
JOIN pg_namespace t3 ON c.connamespace = t3.oid
WHERE c.contype = 'f'
  AND t1.relname = 'comments'
  AND t3.nspname = ANY (current_schemas(false))
ORDER BY c.conname
[0m
  [1m[35m (2.4ms)[0m  SELECT t2.oid::regclass::text AS to_table, a1.attname AS column, a2.attname AS primary_key, c.conname AS name, c.confupdtype AS on_update, c.confdeltype AS on_delete
FROM pg_constraint c
JOIN pg_class t1 ON c.conrelid = t1.oid
JOIN pg_class t2 ON c.confrelid = t2.oid
JOIN pg_attribute a1 ON a1.attnum = c.conkey[1] AND a1.attrelid = t1.oid
JOIN pg_attribute a2 ON a2.attnum = c.confkey[1] AND a2.attrelid = t2.oid
JOIN pg_namespace t3 ON c.connamespace = t3.oid
WHERE c.contype = 'f'
  AND t1.relname = 'evidences'
  AND t3.nspname = ANY (current_schemas(false))
ORDER BY c.conname

  [1m[36m (2.4ms)[0m  [1mSELECT t2.oid::regclass::text AS to_table, a1.attname AS column, a2.attname AS primary_key, c.conname AS name, c.confupdtype AS on_update, c.confdeltype AS on_delete
FROM pg_constraint c
JOIN pg_class t1 ON c.conrelid = t1.oid
JOIN pg_class t2 ON c.confrelid = t2.oid
JOIN pg_attribute a1 ON a1.attnum = c.conkey[1] AND a1.attrelid = t1.oid
JOIN pg_attribute a2 ON a2.attnum = c.confkey[1] AND a2.attrelid = t2.oid
JOIN pg_namespace t3 ON c.connamespace = t3.oid
WHERE c.contype = 'f'
  AND t1.relname = 'facts'
  AND t3.nspname = ANY (current_schemas(false))
ORDER BY c.conname
[0m
  [1m[35m (2.4ms)[0m  SELECT t2.oid::regclass::text AS to_table, a1.attname AS column, a2.attname AS primary_key, c.conname AS name, c.confupdtype AS on_update, c.confdeltype AS on_delete
FROM pg_constraint c
JOIN pg_class t1 ON c.conrelid = t1.oid
JOIN pg_class t2 ON c.confrelid = t2.oid
JOIN pg_attribute a1 ON a1.attnum = c.conkey[1] AND a1.attrelid = t1.oid
JOIN pg_attribute a2 ON a2.attnum = c.confkey[1] AND a2.attrelid = t2.oid
JOIN pg_namespace t3 ON c.connamespace = t3.oid
WHERE c.contype = 'f'
  AND t1.relname = 'votes'
  AND t3.nspname = ANY (current_schemas(false))
ORDER BY c.conname

  [1m[36mActiveRecord::SchemaMigration Load (0.3ms)[0m  [1mSELECT "schema_migrations".* FROM "schema_migrations"[0m
Migrating to DeviseCreateUsers (20160301213009)
  [1m[35m (0.1ms)[0m  BEGIN
  [1m[36m (6.0ms)[0m  [1mCREATE TABLE "users" ("id" serial primary key, "display_name" character varying, "email" character varying DEFAULT '' NOT NULL, "encrypted_password" character varying DEFAULT '' NOT NULL, "reset_password_token" character varying, "reset_password_sent_at" timestamp, "remember_created_at" timestamp, "sign_in_count" integer DEFAULT 0 NOT NULL, "current_sign_in_at" timestamp, "last_sign_in_at" timestamp, "current_sign_in_ip" inet, "last_sign_in_ip" inet, "created_at" timestamp NOT NULL, "updated_at" timestamp NOT NULL) [0m
  [1m[35m (1.4ms)[0m  CREATE UNIQUE INDEX  "index_users_on_email" ON "users"  ("email")
  [1m[36m (1.4ms)[0m  [1mCREATE UNIQUE INDEX  "index_users_on_reset_password_token" ON "users"  ("reset_password_token")[0m
  [1m[35mSQL (0.2ms)[0m  INSERT INTO "schema_migrations" ("version") VALUES ($1)  [["version", "20160301213009"]]
  [1m[36m (1.0ms)[0m  [1mCOMMIT[0m
  [1m[35mActiveRecord::SchemaMigration Load (0.2ms)[0m  SELECT "schema_migrations".* FROM "schema_migrations"
  [1m[36m (2.9ms)[0m  [1mSELECT t2.oid::regclass::text AS to_table, a1.attname AS column, a2.attname AS primary_key, c.conname AS name, c.confupdtype AS on_update, c.confdeltype AS on_delete
FROM pg_constraint c
JOIN pg_class t1 ON c.conrelid = t1.oid
JOIN pg_class t2 ON c.confrelid = t2.oid
JOIN pg_attribute a1 ON a1.attnum = c.conkey[1] AND a1.attrelid = t1.oid
JOIN pg_attribute a2 ON a2.attnum = c.confkey[1] AND a2.attrelid = t2.oid
JOIN pg_namespace t3 ON c.connamespace = t3.oid
WHERE c.contype = 'f'
  AND t1.relname = 'comments'
  AND t3.nspname = ANY (current_schemas(false))
ORDER BY c.conname
[0m
  [1m[35m (2.4ms)[0m  SELECT t2.oid::regclass::text AS to_table, a1.attname AS column, a2.attname AS primary_key, c.conname AS name, c.confupdtype AS on_update, c.confdeltype AS on_delete
FROM pg_constraint c
JOIN pg_class t1 ON c.conrelid = t1.oid
JOIN pg_class t2 ON c.confrelid = t2.oid
JOIN pg_attribute a1 ON a1.attnum = c.conkey[1] AND a1.attrelid = t1.oid
JOIN pg_attribute a2 ON a2.attnum = c.confkey[1] AND a2.attrelid = t2.oid
JOIN pg_namespace t3 ON c.connamespace = t3.oid
WHERE c.contype = 'f'
  AND t1.relname = 'evidences'
  AND t3.nspname = ANY (current_schemas(false))
ORDER BY c.conname

  [1m[36m (2.4ms)[0m  [1mSELECT t2.oid::regclass::text AS to_table, a1.attname AS column, a2.attname AS primary_key, c.conname AS name, c.confupdtype AS on_update, c.confdeltype AS on_delete
FROM pg_constraint c
JOIN pg_class t1 ON c.conrelid = t1.oid
JOIN pg_class t2 ON c.confrelid = t2.oid
JOIN pg_attribute a1 ON a1.attnum = c.conkey[1] AND a1.attrelid = t1.oid
JOIN pg_attribute a2 ON a2.attnum = c.confkey[1] AND a2.attrelid = t2.oid
JOIN pg_namespace t3 ON c.connamespace = t3.oid
WHERE c.contype = 'f'
  AND t1.relname = 'facts'
  AND t3.nspname = ANY (current_schemas(false))
ORDER BY c.conname
[0m
  [1m[35m (2.4ms)[0m  SELECT t2.oid::regclass::text AS to_table, a1.attname AS column, a2.attname AS primary_key, c.conname AS name, c.confupdtype AS on_update, c.confdeltype AS on_delete
FROM pg_constraint c
JOIN pg_class t1 ON c.conrelid = t1.oid
JOIN pg_class t2 ON c.confrelid = t2.oid
JOIN pg_attribute a1 ON a1.attnum = c.conkey[1] AND a1.attrelid = t1.oid
JOIN pg_attribute a2 ON a2.attnum = c.confkey[1] AND a2.attrelid = t2.oid
JOIN pg_namespace t3 ON c.connamespace = t3.oid
WHERE c.contype = 'f'
  AND t1.relname = 'users'
  AND t3.nspname = ANY (current_schemas(false))
ORDER BY c.conname

  [1m[36m (2.5ms)[0m  [1mSELECT t2.oid::regclass::text AS to_table, a1.attname AS column, a2.attname AS primary_key, c.conname AS name, c.confupdtype AS on_update, c.confdeltype AS on_delete
FROM pg_constraint c
JOIN pg_class t1 ON c.conrelid = t1.oid
JOIN pg_class t2 ON c.confrelid = t2.oid
JOIN pg_attribute a1 ON a1.attnum = c.conkey[1] AND a1.attrelid = t1.oid
JOIN pg_attribute a2 ON a2.attnum = c.confkey[1] AND a2.attrelid = t2.oid
JOIN pg_namespace t3 ON c.connamespace = t3.oid
WHERE c.contype = 'f'
  AND t1.relname = 'votes'
  AND t3.nspname = ANY (current_schemas(false))
ORDER BY c.conname
[0m
  [1m[36m (0.1ms)[0m  [1mBEGIN[0m
  [1m[35m (0.2ms)[0m  ROLLBACK
  [1m[36mActiveRecord::SchemaMigration Load (0.3ms)[0m  [1mSELECT "schema_migrations".* FROM "schema_migrations"[0m
  [1m[36mActiveRecord::SchemaMigration Load (0.3ms)[0m  [1mSELECT "schema_migrations".* FROM "schema_migrations"[0m
  [1m[35m (0.2ms)[0m  BEGIN
  [1m[36mUser Exists (1.1ms)[0m  [1mSELECT  1 AS one FROM "users" WHERE "users"."email" = 'msmithros@hotmail.com' LIMIT 1[0m
  [1m[35mSQL (0.5ms)[0m  INSERT INTO "users" ("display_name", "email", "encrypted_password", "created_at", "updated_at") VALUES ($1, $2, $3, $4, $5) RETURNING "id"  [["display_name", "test_user"], ["email", "msmithros@hotmail.com"], ["encrypted_password", "$2a$10$pbAJG3Q.d1dryL2iPIJf8.m3CdoDbRHyVOJjZYzAf9fHus.RITMhC"], ["created_at", "2016-03-01 21:39:08.994989"], ["updated_at", "2016-03-01 21:39:08.994989"]]
  [1m[36m (0.4ms)[0m  [1mCOMMIT[0m
  [1m[36mUser Load (0.7ms)[0m  [1mSELECT "users".* FROM "users"[0m
  [1m[35m (0.1ms)[0m  BEGIN
  [1m[36mSQL (0.5ms)[0m  [1mINSERT INTO "comments" ("created_at", "updated_at") VALUES ($1, $2) RETURNING "id"[0m  [["created_at", "2016-03-01 21:39:32.104165"], ["updated_at", "2016-03-01 21:39:32.104165"]]
  [1m[35m (0.4ms)[0m  COMMIT
  [1m[36m (3.5ms)[0m  [1mCREATE TABLE "schema_migrations" ("version" character varying NOT NULL) [0m
  [1m[35m (1.8ms)[0m  CREATE UNIQUE INDEX  "unique_schema_migrations" ON "schema_migrations"  ("version")
  [1m[36mActiveRecord::SchemaMigration Load (0.2ms)[0m  [1mSELECT "schema_migrations".* FROM "schema_migrations"[0m
Migrating to CreateFacts (20160301211408)
  [1m[35m (0.1ms)[0m  BEGIN
  [1m[36m (4.2ms)[0m  [1mCREATE TABLE "facts" ("id" serial primary key, "body" character varying, "user_id" integer, "created_at" timestamp NOT NULL, "updated_at" timestamp NOT NULL) [0m
  [1m[35mSQL (0.3ms)[0m  INSERT INTO "schema_migrations" ("version") VALUES ($1)  [["version", "20160301211408"]]
  [1m[36m (0.4ms)[0m  [1mCOMMIT[0m
Migrating to CreateEvidences (20160301211518)
  [1m[35m (0.7ms)[0m  BEGIN
  [1m[36m (3.9ms)[0m  [1mCREATE TABLE "evidences" ("id" serial primary key, "url" character varying, "support" boolean, "user_id" integer, "fact_id" integer, "created_at" timestamp NOT NULL, "updated_at" timestamp NOT NULL) [0m
  [1m[35mSQL (0.1ms)[0m  INSERT INTO "schema_migrations" ("version") VALUES ($1)  [["version", "20160301211518"]]
  [1m[36m (0.4ms)[0m  [1mCOMMIT[0m
Migrating to CreateVotes (20160301211607)
  [1m[35m (0.6ms)[0m  BEGIN
  [1m[36m (2.8ms)[0m  [1mCREATE TABLE "votes" ("id" serial primary key, "upvote" boolean, "evidence_id" integer, "user_id" integer, "created_at" timestamp NOT NULL, "updated_at" timestamp NOT NULL) [0m
  [1m[35mSQL (0.1ms)[0m  INSERT INTO "schema_migrations" ("version") VALUES ($1)  [["version", "20160301211607"]]
  [1m[36m (0.3ms)[0m  [1mCOMMIT[0m
Migrating to CreateComments (20160301211732)
  [1m[35m (0.6ms)[0m  BEGIN
  [1m[36m (3.6ms)[0m  [1mCREATE TABLE "comments" ("id" serial primary key, "user_id" integer, "fact_id" integer, "body" text, "created_at" timestamp NOT NULL, "updated_at" timestamp NOT NULL) [0m
  [1m[35mSQL (0.1ms)[0m  INSERT INTO "schema_migrations" ("version") VALUES ($1)  [["version", "20160301211732"]]
  [1m[36m (0.3ms)[0m  [1mCOMMIT[0m
Migrating to DeviseCreateUsers (20160301213009)
  [1m[35m (0.7ms)[0m  BEGIN
  [1m[36m (3.6ms)[0m  [1mCREATE TABLE "users" ("id" serial primary key, "display_name" character varying, "email" character varying DEFAULT '' NOT NULL, "encrypted_password" character varying DEFAULT '' NOT NULL, "reset_password_token" character varying, "reset_password_sent_at" timestamp, "remember_created_at" timestamp, "sign_in_count" integer DEFAULT 0 NOT NULL, "current_sign_in_at" timestamp, "last_sign_in_at" timestamp, "current_sign_in_ip" inet, "last_sign_in_ip" inet, "created_at" timestamp NOT NULL, "updated_at" timestamp NOT NULL) [0m
  [1m[35m (1.1ms)[0m  CREATE UNIQUE INDEX  "index_users_on_email" ON "users"  ("email")
  [1m[36m (1.3ms)[0m  [1mCREATE UNIQUE INDEX  "index_users_on_reset_password_token" ON "users"  ("reset_password_token")[0m
  [1m[35mSQL (0.1ms)[0m  INSERT INTO "schema_migrations" ("version") VALUES ($1)  [["version", "20160301213009"]]
  [1m[36m (0.4ms)[0m  [1mCOMMIT[0m
  [1m[35mActiveRecord::SchemaMigration Load (0.2ms)[0m  SELECT "schema_migrations".* FROM "schema_migrations"
  [1m[36m (3.0ms)[0m  [1mSELECT t2.oid::regclass::text AS to_table, a1.attname AS column, a2.attname AS primary_key, c.conname AS name, c.confupdtype AS on_update, c.confdeltype AS on_delete
FROM pg_constraint c
JOIN pg_class t1 ON c.conrelid = t1.oid
JOIN pg_class t2 ON c.confrelid = t2.oid
JOIN pg_attribute a1 ON a1.attnum = c.conkey[1] AND a1.attrelid = t1.oid
JOIN pg_attribute a2 ON a2.attnum = c.confkey[1] AND a2.attrelid = t2.oid
JOIN pg_namespace t3 ON c.connamespace = t3.oid
WHERE c.contype = 'f'
  AND t1.relname = 'comments'
  AND t3.nspname = ANY (current_schemas(false))
ORDER BY c.conname
[0m
  [1m[35m (2.4ms)[0m  SELECT t2.oid::regclass::text AS to_table, a1.attname AS column, a2.attname AS primary_key, c.conname AS name, c.confupdtype AS on_update, c.confdeltype AS on_delete
FROM pg_constraint c
JOIN pg_class t1 ON c.conrelid = t1.oid
JOIN pg_class t2 ON c.confrelid = t2.oid
JOIN pg_attribute a1 ON a1.attnum = c.conkey[1] AND a1.attrelid = t1.oid
JOIN pg_attribute a2 ON a2.attnum = c.confkey[1] AND a2.attrelid = t2.oid
JOIN pg_namespace t3 ON c.connamespace = t3.oid
WHERE c.contype = 'f'
  AND t1.relname = 'evidences'
  AND t3.nspname = ANY (current_schemas(false))
ORDER BY c.conname

  [1m[36m (2.4ms)[0m  [1mSELECT t2.oid::regclass::text AS to_table, a1.attname AS column, a2.attname AS primary_key, c.conname AS name, c.confupdtype AS on_update, c.confdeltype AS on_delete
FROM pg_constraint c
JOIN pg_class t1 ON c.conrelid = t1.oid
JOIN pg_class t2 ON c.confrelid = t2.oid
JOIN pg_attribute a1 ON a1.attnum = c.conkey[1] AND a1.attrelid = t1.oid
JOIN pg_attribute a2 ON a2.attnum = c.confkey[1] AND a2.attrelid = t2.oid
JOIN pg_namespace t3 ON c.connamespace = t3.oid
WHERE c.contype = 'f'
  AND t1.relname = 'facts'
  AND t3.nspname = ANY (current_schemas(false))
ORDER BY c.conname
[0m
  [1m[35m (2.5ms)[0m  SELECT t2.oid::regclass::text AS to_table, a1.attname AS column, a2.attname AS primary_key, c.conname AS name, c.confupdtype AS on_update, c.confdeltype AS on_delete
FROM pg_constraint c
JOIN pg_class t1 ON c.conrelid = t1.oid
JOIN pg_class t2 ON c.confrelid = t2.oid
JOIN pg_attribute a1 ON a1.attnum = c.conkey[1] AND a1.attrelid = t1.oid
JOIN pg_attribute a2 ON a2.attnum = c.confkey[1] AND a2.attrelid = t2.oid
JOIN pg_namespace t3 ON c.connamespace = t3.oid
WHERE c.contype = 'f'
  AND t1.relname = 'users'
  AND t3.nspname = ANY (current_schemas(false))
ORDER BY c.conname

  [1m[36m (2.4ms)[0m  [1mSELECT t2.oid::regclass::text AS to_table, a1.attname AS column, a2.attname AS primary_key, c.conname AS name, c.confupdtype AS on_update, c.confdeltype AS on_delete
FROM pg_constraint c
JOIN pg_class t1 ON c.conrelid = t1.oid
JOIN pg_class t2 ON c.confrelid = t2.oid
JOIN pg_attribute a1 ON a1.attnum = c.conkey[1] AND a1.attrelid = t1.oid
JOIN pg_attribute a2 ON a2.attnum = c.confkey[1] AND a2.attrelid = t2.oid
JOIN pg_namespace t3 ON c.connamespace = t3.oid
WHERE c.contype = 'f'
  AND t1.relname = 'votes'
  AND t3.nspname = ANY (current_schemas(false))
ORDER BY c.conname
[0m
  [1m[36mActiveRecord::SchemaMigration Load (0.4ms)[0m  [1mSELECT "schema_migrations".* FROM "schema_migrations"[0m
  [1m[35m (0.1ms)[0m  BEGIN
  [1m[36mUser Exists (0.9ms)[0m  [1mSELECT  1 AS one FROM "users" WHERE "users"."email" = 'msmithros@hotmail.com' LIMIT 1[0m
  [1m[35mSQL (0.4ms)[0m  INSERT INTO "users" ("display_name", "email", "encrypted_password", "created_at", "updated_at") VALUES ($1, $2, $3, $4, $5) RETURNING "id"  [["display_name", "test_user"], ["email", "msmithros@hotmail.com"], ["encrypted_password", "$2a$10$iQQ/YehjV6wtyQw2/UQAmuti0ZmmyZeqJXIe1VOyh2H4VMga14Dxy"], ["created_at", "2016-03-01 21:41:20.585106"], ["updated_at", "2016-03-01 21:41:20.585106"]]
  [1m[36m (1.1ms)[0m  [1mCOMMIT[0m
  [1m[35m (0.1ms)[0m  BEGIN
  [1m[36mSQL (0.4ms)[0m  [1mINSERT INTO "comments" ("user_id", "created_at", "updated_at") VALUES ($1, $2, $3) RETURNING "id"[0m  [["user_id", 1], ["created_at", "2016-03-01 21:41:20.596703"], ["updated_at", "2016-03-01 21:41:20.596703"]]
  [1m[35m (0.3ms)[0m  COMMIT
  [1m[36m (0.1ms)[0m  [1mBEGIN[0m
  [1m[35mSQL (0.3ms)[0m  INSERT INTO "facts" ("user_id", "created_at", "updated_at") VALUES ($1, $2, $3) RETURNING "id"  [["user_id", 1], ["created_at", "2016-03-01 21:41:20.603706"], ["updated_at", "2016-03-01 21:41:20.603706"]]
  [1m[36m (0.3ms)[0m  [1mCOMMIT[0m
  [1m[35m (0.1ms)[0m  BEGIN
  [1m[36mSQL (0.4ms)[0m  [1mINSERT INTO "evidences" ("user_id", "fact_id", "created_at", "updated_at") VALUES ($1, $2, $3, $4) RETURNING "id"[0m  [["user_id", 1], ["fact_id", 1], ["created_at", "2016-03-01 21:41:20.611414"], ["updated_at", "2016-03-01 21:41:20.611414"]]
  [1m[35m (0.3ms)[0m  COMMIT
  [1m[36mUser Load (0.8ms)[0m  [1mSELECT  "users".* FROM "users"  ORDER BY "users"."id" ASC LIMIT 1[0m
  [1m[35mComment Load (0.4ms)[0m  SELECT  "comments".* FROM "comments"  ORDER BY "comments"."id" ASC LIMIT 1
  [1m[36mFact Load (0.4ms)[0m  [1mSELECT  "facts".* FROM "facts"  ORDER BY "facts"."id" ASC LIMIT 1[0m
  [1m[35mEvidence Load (0.5ms)[0m  SELECT  "evidences".* FROM "evidences"  ORDER BY "evidences"."id" ASC LIMIT 1
  [1m[36mUser Load (0.5ms)[0m  [1mSELECT  "users".* FROM "users"  ORDER BY "users"."id" ASC LIMIT 1[0m
  [1m[35mEvidence Load (0.2ms)[0m  SELECT  "evidences".* FROM "evidences"  ORDER BY "evidences"."id" ASC LIMIT 1
  [1m[36mEvidence Load (0.6ms)[0m  [1mSELECT  "evidences".* FROM "evidences"  ORDER BY "evidences"."id" ASC LIMIT 1[0m
  [1m[35m (0.1ms)[0m  BEGIN
  [1m[36mSQL (0.5ms)[0m  [1mINSERT INTO "votes" ("user_id", "evidence_id", "created_at", "updated_at") VALUES ($1, $2, $3, $4) RETURNING "id"[0m  [["user_id", 1], ["evidence_id", 1], ["created_at", "2016-03-01 21:45:30.472185"], ["updated_at", "2016-03-01 21:45:30.472185"]]
  [1m[35m (0.8ms)[0m  COMMIT
  [1m[36m (4.1ms)[0m  [1mCREATE TABLE "schema_migrations" ("version" character varying NOT NULL) [0m
  [1m[35m (1.5ms)[0m  CREATE UNIQUE INDEX  "unique_schema_migrations" ON "schema_migrations"  ("version")
  [1m[36mActiveRecord::SchemaMigration Load (0.3ms)[0m  [1mSELECT "schema_migrations".* FROM "schema_migrations"[0m
Migrating to CreateFacts (20160301211408)
  [1m[35m (0.1ms)[0m  BEGIN
  [1m[36m (4.4ms)[0m  [1mCREATE TABLE "facts" ("id" serial primary key, "body" character varying, "user_id" integer, "created_at" timestamp NOT NULL, "updated_at" timestamp NOT NULL) [0m
  [1m[35mSQL (0.3ms)[0m  INSERT INTO "schema_migrations" ("version") VALUES ($1)  [["version", "20160301211408"]]
  [1m[36m (0.4ms)[0m  [1mCOMMIT[0m
Migrating to CreateEvidences (20160301211518)
  [1m[35m (0.7ms)[0m  BEGIN
  [1m[36m (3.8ms)[0m  [1mCREATE TABLE "evidences" ("id" serial primary key, "url" character varying, "support" boolean, "user_id" integer, "fact_id" integer, "created_at" timestamp NOT NULL, "updated_at" timestamp NOT NULL) [0m
  [1m[35mSQL (0.1ms)[0m  INSERT INTO "schema_migrations" ("version") VALUES ($1)  [["version", "20160301211518"]]
  [1m[36m (0.3ms)[0m  [1mCOMMIT[0m
Migrating to CreateVotes (20160301211607)
  [1m[35m (0.7ms)[0m  BEGIN
  [1m[36m (2.4ms)[0m  [1mCREATE TABLE "votes" ("id" serial primary key, "upvote" boolean, "evidence_id" integer, "user_id" integer, "created_at" timestamp NOT NULL, "updated_at" timestamp NOT NULL) [0m
  [1m[35mSQL (0.2ms)[0m  INSERT INTO "schema_migrations" ("version") VALUES ($1)  [["version", "20160301211607"]]
  [1m[36m (0.3ms)[0m  [1mCOMMIT[0m
Migrating to CreateComments (20160301211732)
  [1m[35m (0.7ms)[0m  BEGIN
  [1m[36m (3.7ms)[0m  [1mCREATE TABLE "comments" ("id" serial primary key, "user_id" integer, "fact_id" integer, "body" text, "created_at" timestamp NOT NULL, "updated_at" timestamp NOT NULL) [0m
  [1m[35mSQL (0.1ms)[0m  INSERT INTO "schema_migrations" ("version") VALUES ($1)  [["version", "20160301211732"]]
  [1m[36m (0.3ms)[0m  [1mCOMMIT[0m
Migrating to DeviseCreateUsers (20160301213009)
  [1m[35m (0.7ms)[0m  BEGIN
  [1m[36m (3.9ms)[0m  [1mCREATE TABLE "users" ("id" serial primary key, "display_name" character varying, "email" character varying DEFAULT '' NOT NULL, "encrypted_password" character varying DEFAULT '' NOT NULL, "reset_password_token" character varying, "reset_password_sent_at" timestamp, "remember_created_at" timestamp, "sign_in_count" integer DEFAULT 0 NOT NULL, "current_sign_in_at" timestamp, "last_sign_in_at" timestamp, "current_sign_in_ip" inet, "last_sign_in_ip" inet, "created_at" timestamp NOT NULL, "updated_at" timestamp NOT NULL) [0m
  [1m[35m (1.3ms)[0m  CREATE UNIQUE INDEX  "index_users_on_email" ON "users"  ("email")
  [1m[36m (1.3ms)[0m  [1mCREATE UNIQUE INDEX  "index_users_on_reset_password_token" ON "users"  ("reset_password_token")[0m
  [1m[35mSQL (0.1ms)[0m  INSERT INTO "schema_migrations" ("version") VALUES ($1)  [["version", "20160301213009"]]
  [1m[36m (0.3ms)[0m  [1mCOMMIT[0m
  [1m[35mActiveRecord::SchemaMigration Load (0.2ms)[0m  SELECT "schema_migrations".* FROM "schema_migrations"
  [1m[36m (3.0ms)[0m  [1mSELECT t2.oid::regclass::text AS to_table, a1.attname AS column, a2.attname AS primary_key, c.conname AS name, c.confupdtype AS on_update, c.confdeltype AS on_delete
FROM pg_constraint c
JOIN pg_class t1 ON c.conrelid = t1.oid
JOIN pg_class t2 ON c.confrelid = t2.oid
JOIN pg_attribute a1 ON a1.attnum = c.conkey[1] AND a1.attrelid = t1.oid
JOIN pg_attribute a2 ON a2.attnum = c.confkey[1] AND a2.attrelid = t2.oid
JOIN pg_namespace t3 ON c.connamespace = t3.oid
WHERE c.contype = 'f'
  AND t1.relname = 'comments'
  AND t3.nspname = ANY (current_schemas(false))
ORDER BY c.conname
[0m
  [1m[35m (2.4ms)[0m  SELECT t2.oid::regclass::text AS to_table, a1.attname AS column, a2.attname AS primary_key, c.conname AS name, c.confupdtype AS on_update, c.confdeltype AS on_delete
FROM pg_constraint c
JOIN pg_class t1 ON c.conrelid = t1.oid
JOIN pg_class t2 ON c.confrelid = t2.oid
JOIN pg_attribute a1 ON a1.attnum = c.conkey[1] AND a1.attrelid = t1.oid
JOIN pg_attribute a2 ON a2.attnum = c.confkey[1] AND a2.attrelid = t2.oid
JOIN pg_namespace t3 ON c.connamespace = t3.oid
WHERE c.contype = 'f'
  AND t1.relname = 'evidences'
  AND t3.nspname = ANY (current_schemas(false))
ORDER BY c.conname

  [1m[36m (2.4ms)[0m  [1mSELECT t2.oid::regclass::text AS to_table, a1.attname AS column, a2.attname AS primary_key, c.conname AS name, c.confupdtype AS on_update, c.confdeltype AS on_delete
FROM pg_constraint c
JOIN pg_class t1 ON c.conrelid = t1.oid
JOIN pg_class t2 ON c.confrelid = t2.oid
JOIN pg_attribute a1 ON a1.attnum = c.conkey[1] AND a1.attrelid = t1.oid
JOIN pg_attribute a2 ON a2.attnum = c.confkey[1] AND a2.attrelid = t2.oid
JOIN pg_namespace t3 ON c.connamespace = t3.oid
WHERE c.contype = 'f'
  AND t1.relname = 'facts'
  AND t3.nspname = ANY (current_schemas(false))
ORDER BY c.conname
[0m
  [1m[35m (2.5ms)[0m  SELECT t2.oid::regclass::text AS to_table, a1.attname AS column, a2.attname AS primary_key, c.conname AS name, c.confupdtype AS on_update, c.confdeltype AS on_delete
FROM pg_constraint c
JOIN pg_class t1 ON c.conrelid = t1.oid
JOIN pg_class t2 ON c.confrelid = t2.oid
JOIN pg_attribute a1 ON a1.attnum = c.conkey[1] AND a1.attrelid = t1.oid
JOIN pg_attribute a2 ON a2.attnum = c.confkey[1] AND a2.attrelid = t2.oid
JOIN pg_namespace t3 ON c.connamespace = t3.oid
WHERE c.contype = 'f'
  AND t1.relname = 'users'
  AND t3.nspname = ANY (current_schemas(false))
ORDER BY c.conname

  [1m[36m (2.4ms)[0m  [1mSELECT t2.oid::regclass::text AS to_table, a1.attname AS column, a2.attname AS primary_key, c.conname AS name, c.confupdtype AS on_update, c.confdeltype AS on_delete
FROM pg_constraint c
JOIN pg_class t1 ON c.conrelid = t1.oid
JOIN pg_class t2 ON c.confrelid = t2.oid
JOIN pg_attribute a1 ON a1.attnum = c.conkey[1] AND a1.attrelid = t1.oid
JOIN pg_attribute a2 ON a2.attnum = c.confkey[1] AND a2.attrelid = t2.oid
JOIN pg_namespace t3 ON c.connamespace = t3.oid
WHERE c.contype = 'f'
  AND t1.relname = 'votes'
  AND t3.nspname = ANY (current_schemas(false))
ORDER BY c.conname
[0m
  [1m[36mActiveRecord::SchemaMigration Load (0.3ms)[0m  [1mSELECT "schema_migrations".* FROM "schema_migrations"[0m
  [1m[35m (0.2ms)[0m  BEGIN
  [1m[36mUser Exists (1.0ms)[0m  [1mSELECT  1 AS one FROM "users" WHERE "users"."email" = 'msmithros@hotmail.com' LIMIT 1[0m
  [1m[35mSQL (0.4ms)[0m  INSERT INTO "users" ("display_name", "email", "encrypted_password", "created_at", "updated_at") VALUES ($1, $2, $3, $4, $5) RETURNING "id"  [["display_name", "test_user"], ["email", "msmithros@hotmail.com"], ["encrypted_password", "$2a$10$K1rAHADnnHR4ezehSRHcYuCOmwLC1H8qhPHi93pvYGG7Vmkq/Mw2e"], ["created_at", "2016-03-01 21:46:02.189557"], ["updated_at", "2016-03-01 21:46:02.189557"]]
  [1m[36m (1.1ms)[0m  [1mCOMMIT[0m
  [1m[35mUser Load (1.1ms)[0m  SELECT  "users".* FROM "users"  ORDER BY "users"."id" ASC LIMIT 1
  [1m[36m (0.1ms)[0m  [1mBEGIN[0m
  [1m[35mSQL (0.4ms)[0m  INSERT INTO "comments" ("user_id", "created_at", "updated_at") VALUES ($1, $2, $3) RETURNING "id"  [["user_id", 1], ["created_at", "2016-03-01 21:46:02.219341"], ["updated_at", "2016-03-01 21:46:02.219341"]]
  [1m[36m (0.5ms)[0m  [1mCOMMIT[0m
  [1m[35mUser Load (0.4ms)[0m  SELECT  "users".* FROM "users"  ORDER BY "users"."id" ASC LIMIT 1
  [1m[36m (0.1ms)[0m  [1mBEGIN[0m
  [1m[35mSQL (0.3ms)[0m  INSERT INTO "facts" ("user_id", "created_at", "updated_at") VALUES ($1, $2, $3) RETURNING "id"  [["user_id", 1], ["created_at", "2016-03-01 21:46:02.228494"], ["updated_at", "2016-03-01 21:46:02.228494"]]
  [1m[36m (0.5ms)[0m  [1mCOMMIT[0m
  [1m[35mUser Load (0.3ms)[0m  SELECT  "users".* FROM "users"  ORDER BY "users"."id" ASC LIMIT 1
  [1m[36mFact Load (0.2ms)[0m  [1mSELECT  "facts".* FROM "facts"  ORDER BY "facts"."id" ASC LIMIT 1[0m
  [1m[35m (0.1ms)[0m  BEGIN
  [1m[36mSQL (0.3ms)[0m  [1mINSERT INTO "evidences" ("user_id", "fact_id", "created_at", "updated_at") VALUES ($1, $2, $3, $4) RETURNING "id"[0m  [["user_id", 1], ["fact_id", 1], ["created_at", "2016-03-01 21:46:02.238489"], ["updated_at", "2016-03-01 21:46:02.238489"]]
  [1m[35m (0.5ms)[0m  COMMIT
  [1m[36mUser Load (0.8ms)[0m  [1mSELECT  "users".* FROM "users"  ORDER BY "users"."id" ASC LIMIT 1[0m
  [1m[35mEvidence Load (0.5ms)[0m  SELECT  "evidences".* FROM "evidences"  ORDER BY "evidences"."id" ASC LIMIT 1
  [1m[36mFact Load (0.5ms)[0m  [1mSELECT  "facts".* FROM "facts"  ORDER BY "facts"."id" ASC LIMIT 1[0m
  [1m[35mComment Load (0.5ms)[0m  SELECT  "comments".* FROM "comments"  ORDER BY "comments"."id" ASC LIMIT 1
  [1m[36m (111.2ms)[0m  [1mDROP DATABASE IF EXISTS "db/truthy_falsey_development"[0m
  [1m[35m (0.1ms)[0m  DROP DATABASE IF EXISTS "db/truthy_falsey_development"
  [1m[36m (365.7ms)[0m  [1mCREATE DATABASE "db/truthy_falsey_development" ENCODING = 'utf8'[0m
  [1m[35m (0.4ms)[0m  CREATE DATABASE "db/truthy_falsey_development" ENCODING = 'utf8'
  [1m[36mSQL (0.3ms)[0m  [1mCREATE EXTENSION IF NOT EXISTS "plpgsql"[0m
  [1m[35m (5.8ms)[0m  CREATE TABLE "comments" ("id" serial primary key, "user_id" integer, "fact_id" integer, "body" text, "created_at" timestamp NOT NULL, "updated_at" timestamp NOT NULL) 
  [1m[36m (4.2ms)[0m  [1mCREATE TABLE "evidences" ("id" serial primary key, "url" character varying, "support" boolean, "user_id" integer, "fact_id" integer, "created_at" timestamp NOT NULL, "updated_at" timestamp NOT NULL) [0m
  [1m[35m (3.9ms)[0m  CREATE TABLE "facts" ("id" serial primary key, "body" character varying, "user_id" integer, "created_at" timestamp NOT NULL, "updated_at" timestamp NOT NULL) 
  [1m[36m (4.5ms)[0m  [1mCREATE TABLE "users" ("id" serial primary key, "display_name" character varying, "email" character varying DEFAULT '' NOT NULL, "encrypted_password" character varying DEFAULT '' NOT NULL, "reset_password_token" character varying, "reset_password_sent_at" timestamp, "remember_created_at" timestamp, "sign_in_count" integer DEFAULT 0 NOT NULL, "current_sign_in_at" timestamp, "last_sign_in_at" timestamp, "current_sign_in_ip" inet, "last_sign_in_ip" inet, "created_at" timestamp NOT NULL, "updated_at" timestamp NOT NULL) [0m
  [1m[35m (1.7ms)[0m  CREATE UNIQUE INDEX  "index_users_on_email" ON "users" USING btree ("email")
  [1m[36m (1.4ms)[0m  [1mCREATE UNIQUE INDEX  "index_users_on_reset_password_token" ON "users" USING btree ("reset_password_token")[0m
  [1m[35m (2.4ms)[0m  CREATE TABLE "votes" ("id" serial primary key, "upvote" boolean, "evidence_id" integer, "user_id" integer, "created_at" timestamp NOT NULL, "updated_at" timestamp NOT NULL) 
  [1m[36m (2.1ms)[0m  [1mCREATE TABLE "schema_migrations" ("version" character varying NOT NULL) [0m
  [1m[35m (1.5ms)[0m  CREATE UNIQUE INDEX  "unique_schema_migrations" ON "schema_migrations"  ("version")
  [1m[36m (0.3ms)[0m  [1mSELECT version FROM "schema_migrations"[0m
  [1m[35m (0.4ms)[0m  INSERT INTO "schema_migrations" (version) VALUES ('20160301213009')
  [1m[36m (0.3ms)[0m  [1mINSERT INTO "schema_migrations" (version) VALUES ('20160301211408')[0m
  [1m[35m (0.3ms)[0m  INSERT INTO "schema_migrations" (version) VALUES ('20160301211518')
  [1m[36m (0.3ms)[0m  [1mINSERT INTO "schema_migrations" (version) VALUES ('20160301211607')[0m
  [1m[35m (0.4ms)[0m  INSERT INTO "schema_migrations" (version) VALUES ('20160301211732')
  [1m[36mSQL (0.2ms)[0m  [1mCREATE EXTENSION IF NOT EXISTS "plpgsql"[0m
  [1m[35m (2.5ms)[0m  DROP TABLE "comments" CASCADE
  [1m[36m (5.9ms)[0m  [1mCREATE TABLE "comments" ("id" serial primary key, "user_id" integer, "fact_id" integer, "body" text, "created_at" timestamp NOT NULL, "updated_at" timestamp NOT NULL) [0m
  [1m[35m (1.6ms)[0m  DROP TABLE "evidences" CASCADE
  [1m[36m (4.0ms)[0m  [1mCREATE TABLE "evidences" ("id" serial primary key, "url" character varying, "support" boolean, "user_id" integer, "fact_id" integer, "created_at" timestamp NOT NULL, "updated_at" timestamp NOT NULL) [0m
  [1m[35m (1.4ms)[0m  DROP TABLE "facts" CASCADE
  [1m[36m (4.2ms)[0m  [1mCREATE TABLE "facts" ("id" serial primary key, "body" character varying, "user_id" integer, "created_at" timestamp NOT NULL, "updated_at" timestamp NOT NULL) [0m
  [1m[35m (1.9ms)[0m  DROP TABLE "users" CASCADE
  [1m[36m (4.2ms)[0m  [1mCREATE TABLE "users" ("id" serial primary key, "display_name" character varying, "email" character varying DEFAULT '' NOT NULL, "encrypted_password" character varying DEFAULT '' NOT NULL, "reset_password_token" character varying, "reset_password_sent_at" timestamp, "remember_created_at" timestamp, "sign_in_count" integer DEFAULT 0 NOT NULL, "current_sign_in_at" timestamp, "last_sign_in_at" timestamp, "current_sign_in_ip" inet, "last_sign_in_ip" inet, "created_at" timestamp NOT NULL, "updated_at" timestamp NOT NULL) [0m
  [1m[35m (1.5ms)[0m  CREATE UNIQUE INDEX  "index_users_on_email" ON "users" USING btree ("email")
  [1m[36m (1.3ms)[0m  [1mCREATE UNIQUE INDEX  "index_users_on_reset_password_token" ON "users" USING btree ("reset_password_token")[0m
  [1m[35m (1.1ms)[0m  DROP TABLE "votes" CASCADE
  [1m[36m (2.5ms)[0m  [1mCREATE TABLE "votes" ("id" serial primary key, "upvote" boolean, "evidence_id" integer, "user_id" integer, "created_at" timestamp NOT NULL, "updated_at" timestamp NOT NULL) [0m
  [1m[35m (0.3ms)[0m  SELECT version FROM "schema_migrations"
  [1m[36mActiveRecord::SchemaMigration Load (0.3ms)[0m  [1mSELECT "schema_migrations".* FROM "schema_migrations"[0m
  [1m[35m (0.1ms)[0m  BEGIN
  [1m[36mUser Exists (0.9ms)[0m  [1mSELECT  1 AS one FROM "users" WHERE "users"."email" = 'msmithros@hotmail.com' LIMIT 1[0m
  [1m[35mSQL (0.5ms)[0m  INSERT INTO "users" ("display_name", "email", "encrypted_password", "created_at", "updated_at") VALUES ($1, $2, $3, $4, $5) RETURNING "id"  [["display_name", "test_user"], ["email", "msmithros@hotmail.com"], ["encrypted_password", "$2a$10$zWegAjCHJ6pcEinZjslqs.iiMOz3Dag/YgQF6lFV.Y3.Q7B26PdcK"], ["created_at", "2016-03-01 21:47:10.016567"], ["updated_at", "2016-03-01 21:47:10.016567"]]
  [1m[36m (0.4ms)[0m  [1mCOMMIT[0m
  [1m[35mUser Load (0.7ms)[0m  SELECT  "users".* FROM "users"  ORDER BY "users"."id" ASC LIMIT 1
  [1m[36m (0.1ms)[0m  [1mBEGIN[0m
  [1m[35mSQL (0.4ms)[0m  INSERT INTO "comments" ("user_id", "created_at", "updated_at") VALUES ($1, $2, $3) RETURNING "id"  [["user_id", 1], ["created_at", "2016-03-01 21:47:10.033175"], ["updated_at", "2016-03-01 21:47:10.033175"]]
  [1m[36m (0.2ms)[0m  [1mCOMMIT[0m
  [1m[35mUser Load (0.4ms)[0m  SELECT  "users".* FROM "users"  ORDER BY "users"."id" ASC LIMIT 1
  [1m[36m (0.1ms)[0m  [1mBEGIN[0m
  [1m[35mSQL (0.3ms)[0m  INSERT INTO "facts" ("user_id", "created_at", "updated_at") VALUES ($1, $2, $3) RETURNING "id"  [["user_id", 1], ["created_at", "2016-03-01 21:47:10.042245"], ["updated_at", "2016-03-01 21:47:10.042245"]]
  [1m[36m (0.4ms)[0m  [1mCOMMIT[0m
  [1m[35mUser Load (0.4ms)[0m  SELECT  "users".* FROM "users"  ORDER BY "users"."id" ASC LIMIT 1
  [1m[36mFact Load (0.3ms)[0m  [1mSELECT  "facts".* FROM "facts"  ORDER BY "facts"."id" ASC LIMIT 1[0m
  [1m[35m (0.1ms)[0m  BEGIN
  [1m[36mSQL (0.4ms)[0m  [1mINSERT INTO "evidences" ("user_id", "fact_id", "created_at", "updated_at") VALUES ($1, $2, $3, $4) RETURNING "id"[0m  [["user_id", 1], ["fact_id", 1], ["created_at", "2016-03-01 21:47:10.056800"], ["updated_at", "2016-03-01 21:47:10.056800"]]
  [1m[35m (0.3ms)[0m  COMMIT
  [1m[36mUser Load (0.3ms)[0m  [1mSELECT  "users".* FROM "users"  ORDER BY "users"."id" ASC LIMIT 1[0m
  [1m[35mEvidence Load (0.3ms)[0m  SELECT  "evidences".* FROM "evidences"  ORDER BY "evidences"."id" ASC LIMIT 1
  [1m[36m (111.3ms)[0m  [1mDROP DATABASE IF EXISTS "db/truthy_falsey_development"[0m
  [1m[35m (0.1ms)[0m  DROP DATABASE IF EXISTS "db/truthy_falsey_development"
  [1m[36m (368.3ms)[0m  [1mCREATE DATABASE "db/truthy_falsey_development" ENCODING = 'utf8'[0m
  [1m[35m (0.4ms)[0m  CREATE DATABASE "db/truthy_falsey_development" ENCODING = 'utf8'
  [1m[36mSQL (0.3ms)[0m  [1mCREATE EXTENSION IF NOT EXISTS "plpgsql"[0m
  [1m[35m (6.2ms)[0m  CREATE TABLE "comments" ("id" serial primary key, "user_id" integer, "fact_id" integer, "body" text, "created_at" timestamp NOT NULL, "updated_at" timestamp NOT NULL) 
  [1m[36m (3.9ms)[0m  [1mCREATE TABLE "evidences" ("id" serial primary key, "url" character varying, "support" boolean, "user_id" integer, "fact_id" integer, "created_at" timestamp NOT NULL, "updated_at" timestamp NOT NULL) [0m
  [1m[35m (4.0ms)[0m  CREATE TABLE "facts" ("id" serial primary key, "body" character varying, "user_id" integer, "created_at" timestamp NOT NULL, "updated_at" timestamp NOT NULL) 
  [1m[36m (4.4ms)[0m  [1mCREATE TABLE "users" ("id" serial primary key, "display_name" character varying, "email" character varying DEFAULT '' NOT NULL, "encrypted_password" character varying DEFAULT '' NOT NULL, "reset_password_token" character varying, "reset_password_sent_at" timestamp, "remember_created_at" timestamp, "sign_in_count" integer DEFAULT 0 NOT NULL, "current_sign_in_at" timestamp, "last_sign_in_at" timestamp, "current_sign_in_ip" inet, "last_sign_in_ip" inet, "created_at" timestamp NOT NULL, "updated_at" timestamp NOT NULL) [0m
  [1m[35m (1.6ms)[0m  CREATE UNIQUE INDEX  "index_users_on_email" ON "users" USING btree ("email")
  [1m[36m (1.3ms)[0m  [1mCREATE UNIQUE INDEX  "index_users_on_reset_password_token" ON "users" USING btree ("reset_password_token")[0m
  [1m[35m (2.4ms)[0m  CREATE TABLE "votes" ("id" serial primary key, "upvote" boolean, "evidence_id" integer, "user_id" integer, "created_at" timestamp NOT NULL, "updated_at" timestamp NOT NULL) 
  [1m[36m (2.3ms)[0m  [1mCREATE TABLE "schema_migrations" ("version" character varying NOT NULL) [0m
  [1m[35m (1.4ms)[0m  CREATE UNIQUE INDEX  "unique_schema_migrations" ON "schema_migrations"  ("version")
  [1m[36m (0.3ms)[0m  [1mSELECT version FROM "schema_migrations"[0m
  [1m[35m (0.4ms)[0m  INSERT INTO "schema_migrations" (version) VALUES ('20160301213009')
  [1m[36m (0.3ms)[0m  [1mINSERT INTO "schema_migrations" (version) VALUES ('20160301211408')[0m
  [1m[35m (0.3ms)[0m  INSERT INTO "schema_migrations" (version) VALUES ('20160301211518')
  [1m[36m (0.3ms)[0m  [1mINSERT INTO "schema_migrations" (version) VALUES ('20160301211607')[0m
  [1m[35m (0.3ms)[0m  INSERT INTO "schema_migrations" (version) VALUES ('20160301211732')
  [1m[36mSQL (0.2ms)[0m  [1mCREATE EXTENSION IF NOT EXISTS "plpgsql"[0m
  [1m[35m (2.6ms)[0m  DROP TABLE "comments" CASCADE
  [1m[36m (5.1ms)[0m  [1mCREATE TABLE "comments" ("id" serial primary key, "user_id" integer, "fact_id" integer, "body" text, "created_at" timestamp NOT NULL, "updated_at" timestamp NOT NULL) [0m
  [1m[35m (1.5ms)[0m  DROP TABLE "evidences" CASCADE
  [1m[36m (3.7ms)[0m  [1mCREATE TABLE "evidences" ("id" serial primary key, "url" character varying, "support" boolean, "user_id" integer, "fact_id" integer, "created_at" timestamp NOT NULL, "updated_at" timestamp NOT NULL) [0m
  [1m[35m (1.4ms)[0m  DROP TABLE "facts" CASCADE
  [1m[36m (4.0ms)[0m  [1mCREATE TABLE "facts" ("id" serial primary key, "body" character varying, "user_id" integer, "created_at" timestamp NOT NULL, "updated_at" timestamp NOT NULL) [0m
  [1m[35m (1.9ms)[0m  DROP TABLE "users" CASCADE
  [1m[36m (4.3ms)[0m  [1mCREATE TABLE "users" ("id" serial primary key, "display_name" character varying, "email" character varying DEFAULT '' NOT NULL, "encrypted_password" character varying DEFAULT '' NOT NULL, "reset_password_token" character varying, "reset_password_sent_at" timestamp, "remember_created_at" timestamp, "sign_in_count" integer DEFAULT 0 NOT NULL, "current_sign_in_at" timestamp, "last_sign_in_at" timestamp, "current_sign_in_ip" inet, "last_sign_in_ip" inet, "created_at" timestamp NOT NULL, "updated_at" timestamp NOT NULL) [0m
  [1m[35m (1.5ms)[0m  CREATE UNIQUE INDEX  "index_users_on_email" ON "users" USING btree ("email")
  [1m[36m (1.4ms)[0m  [1mCREATE UNIQUE INDEX  "index_users_on_reset_password_token" ON "users" USING btree ("reset_password_token")[0m
  [1m[35m (1.1ms)[0m  DROP TABLE "votes" CASCADE
  [1m[36m (2.6ms)[0m  [1mCREATE TABLE "votes" ("id" serial primary key, "upvote" boolean, "evidence_id" integer, "user_id" integer, "created_at" timestamp NOT NULL, "updated_at" timestamp NOT NULL) [0m
  [1m[35m (0.3ms)[0m  SELECT version FROM "schema_migrations"
  [1m[36mActiveRecord::SchemaMigration Load (0.3ms)[0m  [1mSELECT "schema_migrations".* FROM "schema_migrations"[0m
  [1m[35m (0.2ms)[0m  BEGIN
  [1m[36mUser Exists (1.0ms)[0m  [1mSELECT  1 AS one FROM "users" WHERE "users"."email" = 'msmithros@hotmail.com' LIMIT 1[0m
  [1m[35mSQL (0.4ms)[0m  INSERT INTO "users" ("display_name", "email", "encrypted_password", "created_at", "updated_at") VALUES ($1, $2, $3, $4, $5) RETURNING "id"  [["display_name", "test_user"], ["email", "msmithros@hotmail.com"], ["encrypted_password", "$2a$10$Qd3MmRRRvwoxEW.aHEJvLeqABSWC0TLFHzYiQ43f7wWG6iE4HOG2y"], ["created_at", "2016-03-01 21:48:19.320131"], ["updated_at", "2016-03-01 21:48:19.320131"]]
  [1m[36m (0.4ms)[0m  [1mCOMMIT[0m
  [1m[35mUser Load (0.6ms)[0m  SELECT  "users".* FROM "users"  ORDER BY "users"."id" ASC LIMIT 1
  [1m[36m (0.1ms)[0m  [1mBEGIN[0m
  [1m[35mSQL (0.3ms)[0m  INSERT INTO "comments" ("user_id", "created_at", "updated_at") VALUES ($1, $2, $3) RETURNING "id"  [["user_id", 1], ["created_at", "2016-03-01 21:48:19.338832"], ["updated_at", "2016-03-01 21:48:19.338832"]]
  [1m[36m (0.3ms)[0m  [1mCOMMIT[0m
  [1m[35mUser Load (0.3ms)[0m  SELECT  "users".* FROM "users"  ORDER BY "users"."id" ASC LIMIT 1
  [1m[36m (0.1ms)[0m  [1mBEGIN[0m
  [1m[35mSQL (0.3ms)[0m  INSERT INTO "facts" ("user_id", "created_at", "updated_at") VALUES ($1, $2, $3) RETURNING "id"  [["user_id", 1], ["created_at", "2016-03-01 21:48:19.347392"], ["updated_at", "2016-03-01 21:48:19.347392"]]
  [1m[36m (0.4ms)[0m  [1mCOMMIT[0m
  [1m[35mUser Load (0.3ms)[0m  SELECT  "users".* FROM "users"  ORDER BY "users"."id" ASC LIMIT 1
  [1m[36mFact Load (0.2ms)[0m  [1mSELECT  "facts".* FROM "facts"  ORDER BY "facts"."id" ASC LIMIT 1[0m
  [1m[35m (0.1ms)[0m  BEGIN
  [1m[36mSQL (0.4ms)[0m  [1mINSERT INTO "evidences" ("user_id", "fact_id", "created_at", "updated_at") VALUES ($1, $2, $3, $4) RETURNING "id"[0m  [["user_id", 1], ["fact_id", 1], ["created_at", "2016-03-01 21:48:19.357540"], ["updated_at", "2016-03-01 21:48:19.357540"]]
  [1m[35m (0.3ms)[0m  COMMIT
  [1m[36mUser Load (0.3ms)[0m  [1mSELECT  "users".* FROM "users"  ORDER BY "users"."id" ASC LIMIT 1[0m
  [1m[35mEvidence Load (0.3ms)[0m  SELECT  "evidences".* FROM "evidences"  ORDER BY "evidences"."id" ASC LIMIT 1
  [1m[36m (0.1ms)[0m  [1mBEGIN[0m
  [1m[35mSQL (0.3ms)[0m  INSERT INTO "votes" ("user_id", "evidence_id", "created_at", "updated_at") VALUES ($1, $2, $3, $4) RETURNING "id"  [["user_id", 1], ["evidence_id", 1], ["created_at", "2016-03-01 21:48:19.367784"], ["updated_at", "2016-03-01 21:48:19.367784"]]
  [1m[36m (0.4ms)[0m  [1mCOMMIT[0m
